<?xml version="1.0" encoding="UTF-8"?>
<!-- Generated by org.testng.reporters.JUnitXMLReporter -->
<testsuite ignored="0" hostname="Annam_Deepak" failures="2" tests="14" name="Test" time="160.345" errors="0" timestamp="2024-11-07T21:31:37 IST">
  <testcase classname="com.scart.testcases.TC01_LoginAndLogOutTest" name="loginAndLogOutTest" time="8.335"/>
  <testcase classname="com.scart.testcases.TC01_LoginAndLogOutTest" name="loginAndLogOutTest" time="10.42">
    <failure type="java.lang.AssertionError" message="Invalid Credentials expected [true] but found [false]">
      <![CDATA[java.lang.AssertionError: Invalid Credentials expected [true] but found [false]
at com.scart.testcases.TC01_LoginAndLogOutTest.loginAndLogOutTest(TC01_LoginAndLogOutTest.java:43)
at java.base/java.util.ArrayList.forEach(ArrayList.java:1597)
... Removed 28 stack frames]]>
    </failure>
  </testcase> <!-- loginAndLogOutTest -->
  <testcase classname="com.scart.testcases.TC01_LoginAndLogOutTest" name="loginAndLogOutTest" time="10.45">
    <failure type="java.lang.AssertionError" message="Invalid Credentials expected [true] but found [false]">
      <![CDATA[java.lang.AssertionError: Invalid Credentials expected [true] but found [false]
at com.scart.testcases.TC01_LoginAndLogOutTest.loginAndLogOutTest(TC01_LoginAndLogOutTest.java:43)
at java.base/java.util.ArrayList.forEach(ArrayList.java:1597)
... Removed 28 stack frames]]>
    </failure>
  </testcase> <!-- loginAndLogOutTest -->
  <testcase classname="com.scart.testcases.TC02_ThemeTest" name="verifyLogin" time="4.434"/>
  <testcase classname="com.scart.testcases.TC02_ThemeTest" name="menuButtonTest" time="0.817"/>
  <testcase classname="com.scart.testcases.TC02_ThemeTest" name="selectThemeOption" time="2.174"/>
  <testcase classname="com.scart.testcases.TC02_ThemeTest" name="verifyGridItemDimensionsConsistency" time="1.368"/>
  <testcase classname="com.scart.testcases.TC03_VerifyLinksInMenuSectionTest" name="verifyLogin" time="4.189"/>
  <testcase classname="com.scart.testcases.TC03_VerifyLinksInMenuSectionTest" name="checkBrokenLinks" time="10.306"/>
  <testcase classname="com.scart.testcases.TC03_VerifyLinksInMenuSectionTest" name="verifySelectAllCheckboxFunctionality" time="4.287"/>
  <testcase classname="com.scart.testcases.TC04_FetchOrdersBasedOnGivenEmailTest" name="verifyLogin" time="3.921"/>
  <testcase classname="com.scart.testcases.TC04_FetchOrdersBasedOnGivenEmailTest" name="filterOrdersListBasedOnEnteredEmail" time="6.273"/>
  <testcase classname="com.scart.testcases.TC04_FetchOrdersBasedOnGivenEmailTest" name="getOrdersTableDataAndWriteIntoExcel" time="35.614"/>
  <testcase classname="com.scart.testcases.TC04_FetchOrdersBasedOnGivenEmailTest" name="sortOrdersListBasedonAscendingOrderOfDate" time="6.588"/>
</testsuite> <!-- Test -->
