<?xml version="1.0" encoding="UTF-8"?>
<testsuite xmlns:xsi="http://www.w3.org/2001/XMLSchema-instance" xsi:noNamespaceSchemaLocation="https://maven.apache.org/surefire/maven-surefire-plugin/xsd/surefire-test-report-3.0.xsd" version="3.0" name="TestSuite" time="7.313" tests="10" errors="0" skipped="8" failures="2">
  <properties>
[...]
</properties>
  <testcase name="setUp" classname="com.scart.testcases.TC01_LoginTest" time="4.259">
    <failure message="&#10;Parameter &apos;browser&apos; is required by BeforeClass on method setUp but has not been marked @Optional or defined&#10;" type="org.testng.TestNGException"><![CDATA[org.testng.TestNGException: 

Parameter 'browser' is required by BeforeClass on method setUp but has not been marked @Optional or defined

	at org.testng.internal.Parameters.createParams(Parameters.java:264)
	at org.testng.internal.Parameters.createParametersForMethod(Parameters.java:352)
	at org.testng.internal.Parameters.createParameters(Parameters.java:690)
	at org.testng.internal.Parameters.createConfigurationParameters(Parameters.java:163)
	at org.testng.internal.invokers.ConfigInvoker.invokeConfigurations(ConfigInvoker.java:313)
	at org.testng.internal.invokers.TestMethodWorker.invokeBeforeClassMethods(TestMethodWorker.java:188)
	at org.testng.internal.invokers.TestMethodWorker.run(TestMethodWorker.java:128)
	at java.base/java.util.ArrayList.forEach(ArrayList.java:1597)
	at org.testng.TestRunner.privateRun(TestRunner.java:739)
	at org.testng.TestRunner.run(TestRunner.java:614)
	at org.testng.SuiteRunner.runTest(SuiteRunner.java:421)
	at org.testng.SuiteRunner.runSequentially(SuiteRunner.java:413)
	at org.testng.SuiteRunner.privateRun(SuiteRunner.java:373)
	at org.testng.SuiteRunner.run(SuiteRunner.java:312)
	at org.testng.SuiteRunnerWorker.runSuite(SuiteRunnerWorker.java:52)
	at org.testng.SuiteRunnerWorker.run(SuiteRunnerWorker.java:95)
	at org.testng.TestNG.runSuitesSequentially(TestNG.java:1274)
	at org.testng.TestNG.runSuitesLocally(TestNG.java:1208)
	at org.testng.TestNG.runSuites(TestNG.java:1112)
	at org.testng.TestNG.run(TestNG.java:1079)
	at org.apache.maven.surefire.testng.TestNGExecutor.run(TestNGExecutor.java:155)
	at org.apache.maven.surefire.testng.TestNGDirectoryTestSuite.executeMulti(TestNGDirectoryTestSuite.java:169)
	at org.apache.maven.surefire.testng.TestNGDirectoryTestSuite.execute(TestNGDirectoryTestSuite.java:88)
	at org.apache.maven.surefire.testng.TestNGProvider.invoke(TestNGProvider.java:137)
	at org.apache.maven.surefire.booter.ForkedBooter.runSuitesInProcess(ForkedBooter.java:385)
	at org.apache.maven.surefire.booter.ForkedBooter.execute(ForkedBooter.java:162)
	at org.apache.maven.surefire.booter.ForkedBooter.run(ForkedBooter.java:507)
	at org.apache.maven.surefire.booter.ForkedBooter.main(ForkedBooter.java:495)
]]></failure>
  </testcase>
  <testcase name="loginTest[test, 123456](1)" classname="com.scart.testcases.TC01_LoginTest" time="0.0">
    <skipped message="&#10;Parameter &apos;browser&apos; is required by BeforeClass on method setUp but has not been marked @Optional or defined&#10;"/>
    <system-out><![CDATA[No of Rows= 3
Data array dimensions: 3 x 2
test
123456
test
1234
tester
123456
]]></system-out>
  </testcase>
  <testcase name="loginTest[test, 1234](2)" classname="com.scart.testcases.TC01_LoginTest" time="0.0">
    <skipped message="&#10;Parameter &apos;browser&apos; is required by BeforeClass on method setUp but has not been marked @Optional or defined&#10;"/>
  </testcase>
  <testcase name="loginTest[tester, 123456](3)" classname="com.scart.testcases.TC01_LoginTest" time="0.0">
    <skipped message="&#10;Parameter &apos;browser&apos; is required by BeforeClass on method setUp but has not been marked @Optional or defined&#10;"/>
  </testcase>
  <testcase name="tearDown" classname="com.scart.testcases.TC01_LoginTest" time="0.0">
    <skipped/>
  </testcase>
  <testcase name="setUp" classname="com.scart.testcases.TC02_ThemeTest" time="0.013">
    <failure message="&#10;Parameter &apos;browser&apos; is required by BeforeClass on method setUp but has not been marked @Optional or defined&#10;" type="org.testng.TestNGException"><![CDATA[org.testng.TestNGException: 

Parameter 'browser' is required by BeforeClass on method setUp but has not been marked @Optional or defined

	at org.testng.internal.Parameters.createParams(Parameters.java:264)
	at org.testng.internal.Parameters.createParametersForMethod(Parameters.java:352)
	at org.testng.internal.Parameters.createParameters(Parameters.java:690)
	at org.testng.internal.Parameters.createConfigurationParameters(Parameters.java:163)
	at org.testng.internal.invokers.ConfigInvoker.invokeConfigurations(ConfigInvoker.java:313)
	at org.testng.internal.invokers.TestMethodWorker.invokeBeforeClassMethods(TestMethodWorker.java:188)
	at org.testng.internal.invokers.TestMethodWorker.run(TestMethodWorker.java:128)
	at java.base/java.util.ArrayList.forEach(ArrayList.java:1597)
	at org.testng.TestRunner.privateRun(TestRunner.java:739)
	at org.testng.TestRunner.run(TestRunner.java:614)
	at org.testng.SuiteRunner.runTest(SuiteRunner.java:421)
	at org.testng.SuiteRunner.runSequentially(SuiteRunner.java:413)
	at org.testng.SuiteRunner.privateRun(SuiteRunner.java:373)
	at org.testng.SuiteRunner.run(SuiteRunner.java:312)
	at org.testng.SuiteRunnerWorker.runSuite(SuiteRunnerWorker.java:52)
	at org.testng.SuiteRunnerWorker.run(SuiteRunnerWorker.java:95)
	at org.testng.TestNG.runSuitesSequentially(TestNG.java:1274)
	at org.testng.TestNG.runSuitesLocally(TestNG.java:1208)
	at org.testng.TestNG.runSuites(TestNG.java:1112)
	at org.testng.TestNG.run(TestNG.java:1079)
	at org.apache.maven.surefire.testng.TestNGExecutor.run(TestNGExecutor.java:155)
	at org.apache.maven.surefire.testng.TestNGDirectoryTestSuite.executeMulti(TestNGDirectoryTestSuite.java:169)
	at org.apache.maven.surefire.testng.TestNGDirectoryTestSuite.execute(TestNGDirectoryTestSuite.java:88)
	at org.apache.maven.surefire.testng.TestNGProvider.invoke(TestNGProvider.java:137)
	at org.apache.maven.surefire.booter.ForkedBooter.runSuitesInProcess(ForkedBooter.java:385)
	at org.apache.maven.surefire.booter.ForkedBooter.execute(ForkedBooter.java:162)
	at org.apache.maven.surefire.booter.ForkedBooter.run(ForkedBooter.java:507)
	at org.apache.maven.surefire.booter.ForkedBooter.main(ForkedBooter.java:495)
]]></failure>
  </testcase>
  <testcase name="verifyLogin" classname="com.scart.testcases.TC02_ThemeTest" time="0.0">
    <skipped message="&#10;Parameter &apos;browser&apos; is required by BeforeClass on method setUp but has not been marked @Optional or defined&#10;"/>
  </testcase>
  <testcase name="checkTheme" classname="com.scart.testcases.TC02_ThemeTest" time="0.0">
    <skipped message="Method com.scart.testcases.TC02_ThemeTest.checkTheme() on instance com.scart.testcases.TC02_ThemeTest@1ae67cad depends on not successfully finished methods &#10;[com.scart.testcases.TC02_ThemeTest.verifyLogin() on instance com.scart.testcases.TC02_ThemeTest@1ae67cad]"/>
  </testcase>
  <testcase name="selectThemeOption" classname="com.scart.testcases.TC02_ThemeTest" time="0.0">
    <skipped message="Method com.scart.testcases.TC02_ThemeTest.selectThemeOption() on instance com.scart.testcases.TC02_ThemeTest@1ae67cad depends on not successfully finished methods &#10;[com.scart.testcases.TC02_ThemeTest.checkTheme() on instance com.scart.testcases.TC02_ThemeTest@1ae67cad]"/>
  </testcase>
  <testcase name="tearDown" classname="com.scart.testcases.TC02_ThemeTest" time="0.0">
    <skipped/>
  </testcase>
</testsuite>